Arguments: 
  /home/it/.nvm/versions/node/v14.17.6/bin/node /home/it/.yarn/bin/yarn.js init

PATH: 
  /home/it/.yarn/bin:/home/it/.config/yarn/global/node_modules/.bin:/home/it/.nvm/versions/node/v14.17.6/bin:/home/it/.local/share/solana/install/active_release/bin:/home/it/.cargo/bin:/home/it/.local/bin:/usr/local/sbin:/usr/local/bin:/usr/sbin:/usr/bin:/sbin:/bin:/usr/games:/usr/local/games:/snap/bin

Yarn version: 
  1.22.19

Node version: 
  14.17.6

Platform: 
  linux x64

Trace: 
  Error: canceled
      at Interface.<anonymous> (/home/it/.yarn/lib/cli.js:137150:13)
      at Interface.emit (events.js:400:28)
      at Interface._ttyWrite (readline.js:910:16)
      at ReadStream.onkeypress (readline.js:235:10)
      at ReadStream.emit (events.js:400:28)
      at emitKeys (internal/readline/utils.js:358:14)
      at emitKeys.next (<anonymous>)
      at ReadStream.onData (readline.js:1179:36)
      at ReadStream.emit (events.js:400:28)
      at addChunk (internal/streams/readable.js:290:12)

npm manifest: 
  No manifest

yarn manifest: 
  No manifest

Lockfile: 
  No lockfile
